<?xml version="1.0" encoding="UTF-8"?>
<coverage generated="1719488538221" clover="3.2.0">
  <project timestamp="1719488538221" name="All files">
    <metrics statements="29" coveredstatements="27" conditionals="11" coveredconditionals="9" methods="2" coveredmethods="2" elements="42" coveredelements="38" complexity="0" loc="29" ncloc="29" packages="1" files="1" classes="1"/>
    <file name="rpncalcul.js" path="C:\Users\damsa\Desktop\adam-ramouki-test-unitaire\adam-ramouki-test-unitaire\src\main\rpncalcul.js">
      <metrics statements="29" coveredstatements="27" conditionals="11" coveredconditionals="9" methods="2" coveredmethods="2"/>
      <line num="3" count="6" type="stmt"/>
      <line num="4" count="6" type="stmt"/>
      <line num="6" count="6" type="stmt"/>
      <line num="7" count="29" type="cond" truecount="2" falsecount="0"/>
      <line num="8" count="19" type="stmt"/>
      <line num="11" count="10" type="cond" truecount="6" falsecount="1"/>
      <line num="13" count="3" type="stmt"/>
      <line num="14" count="3" type="stmt"/>
      <line num="15" count="3" type="stmt"/>
      <line num="18" count="1" type="stmt"/>
      <line num="19" count="1" type="stmt"/>
      <line num="20" count="1" type="stmt"/>
      <line num="23" count="2" type="stmt"/>
      <line num="24" count="2" type="stmt"/>
      <line num="25" count="2" type="stmt"/>
      <line num="28" count="1" type="stmt"/>
      <line num="29" count="1" type="stmt"/>
      <line num="30" count="1" type="stmt"/>
      <line num="33" count="1" type="stmt"/>
      <line num="34" count="1" type="stmt"/>
      <line num="35" count="1" type="stmt"/>
      <line num="38" count="2" type="stmt"/>
      <line num="39" count="2" type="stmt"/>
      <line num="40" count="2" type="stmt"/>
      <line num="43" count="0" type="stmt"/>
      <line num="45" count="10" type="stmt"/>
      <line num="49" count="6" type="cond" truecount="1" falsecount="1"/>
      <line num="50" count="0" type="stmt"/>
      <line num="53" count="6" type="stmt"/>
    </file>
  </project>
</coverage>
