{"C:\\Users\\damsa\\Desktop\\adam-ramouki-test-unitaire\\adam-ramouki-test-unitaire\\src\\main\\rpncalcul.js": {"path":"C:\\Users\\damsa\\Desktop\\adam-ramouki-test-unitaire\\adam-ramouki-test-unitaire\\src\\main\\rpncalcul.js","statementMap":{"0":{"start":{"line":3,"column":19},"end":{"line":3,"column":40}},"1":{"start":{"line":4,"column":18},"end":{"line":4,"column":20}},"2":{"start":{"line":6,"column":4},"end":{"line":47,"column":7}},"3":{"start":{"line":7,"column":6},"end":{"line":46,"column":7}},"4":{"start":{"line":8,"column":8},"end":{"line":8,"column":34}},"5":{"start":{"line":11,"column":8},"end":{"line":44,"column":9}},"6":{"start":{"line":13,"column":27},"end":{"line":13,"column":53}},"7":{"start":{"line":14,"column":12},"end":{"line":14,"column":27}},"8":{"start":{"line":15,"column":12},"end":{"line":15,"column":18}},"9":{"start":{"line":18,"column":27},"end":{"line":18,"column":53}},"10":{"start":{"line":19,"column":12},"end":{"line":19,"column":27}},"11":{"start":{"line":20,"column":12},"end":{"line":20,"column":18}},"12":{"start":{"line":23,"column":27},"end":{"line":23,"column":53}},"13":{"start":{"line":24,"column":12},"end":{"line":24,"column":27}},"14":{"start":{"line":25,"column":12},"end":{"line":25,"column":18}},"15":{"start":{"line":28,"column":27},"end":{"line":28,"column":53}},"16":{"start":{"line":29,"column":12},"end":{"line":29,"column":27}},"17":{"start":{"line":30,"column":12},"end":{"line":30,"column":18}},"18":{"start":{"line":33,"column":22},"end":{"line":33,"column":33}},"19":{"start":{"line":34,"column":12},"end":{"line":34,"column":34}},"20":{"start":{"line":35,"column":12},"end":{"line":35,"column":18}},"21":{"start":{"line":38,"column":12},"end":{"line":38,"column":40}},"22":{"start":{"line":39,"column":12},"end":{"line":39,"column":29}},"23":{"start":{"line":40,"column":12},"end":{"line":40,"column":18}},"24":{"start":{"line":43,"column":12},"end":{"line":43,"column":55}},"25":{"start":{"line":45,"column":8},"end":{"line":45,"column":27}},"26":{"start":{"line":49,"column":4},"end":{"line":51,"column":5}},"27":{"start":{"line":50,"column":6},"end":{"line":50,"column":48}},"28":{"start":{"line":53,"column":4},"end":{"line":53,"column":20}}},"fnMap":{"0":{"name":"RPNCal","decl":{"start":{"line":2,"column":16},"end":{"line":2,"column":22}},"loc":{"start":{"line":2,"column":35},"end":{"line":54,"column":3}},"line":2},"1":{"name":"(anonymous_1)","decl":{"start":{"line":6,"column":19},"end":{"line":6,"column":20}},"loc":{"start":{"line":6,"column":28},"end":{"line":47,"column":5}},"line":6}},"branchMap":{"0":{"loc":{"start":{"line":7,"column":6},"end":{"line":46,"column":7}},"type":"if","locations":[{"start":{"line":7,"column":6},"end":{"line":46,"column":7}},{"start":{"line":9,"column":13},"end":{"line":46,"column":7}}],"line":7},"1":{"loc":{"start":{"line":11,"column":8},"end":{"line":44,"column":9}},"type":"switch","locations":[{"start":{"line":12,"column":10},"end":{"line":16,"column":11}},{"start":{"line":17,"column":10},"end":{"line":21,"column":11}},{"start":{"line":22,"column":10},"end":{"line":26,"column":11}},{"start":{"line":27,"column":10},"end":{"line":31,"column":11}},{"start":{"line":32,"column":10},"end":{"line":36,"column":11}},{"start":{"line":37,"column":10},"end":{"line":41,"column":11}},{"start":{"line":42,"column":10},"end":{"line":43,"column":55}}],"line":11},"2":{"loc":{"start":{"line":49,"column":4},"end":{"line":51,"column":5}},"type":"if","locations":[{"start":{"line":49,"column":4},"end":{"line":51,"column":5}},{"start":{},"end":{}}],"line":49}},"s":{"0":6,"1":6,"2":6,"3":29,"4":19,"5":10,"6":3,"7":3,"8":3,"9":1,"10":1,"11":1,"12":2,"13":2,"14":2,"15":1,"16":1,"17":1,"18":1,"19":1,"20":1,"21":2,"22":2,"23":2,"24":0,"25":10,"26":6,"27":0,"28":6},"f":{"0":6,"1":29},"b":{"0":[19,10],"1":[3,1,2,1,1,2,0],"2":[0,6]},"_coverageSchema":"1a1c01bbd47fc00a2c39e90264f33305004495a9","hash":"c283e3676a97f79690099498c4967d311bad8e46"}
}
