TN:
SF:src\main\rpncalcul.js
FN:2,RPNCal
FN:6,(anonymous_1)
FNF:2
FNH:2
FNDA:6,RPNCal
FNDA:29,(anonymous_1)
DA:3,6
DA:4,6
DA:6,6
DA:7,29
DA:8,19
DA:11,10
DA:13,3
DA:14,3
DA:15,3
DA:18,1
DA:19,1
DA:20,1
DA:23,2
DA:24,2
DA:25,2
DA:28,1
DA:29,1
DA:30,1
DA:33,1
DA:34,1
DA:35,1
DA:38,2
DA:39,2
DA:40,2
DA:43,0
DA:45,10
DA:49,6
DA:50,0
DA:53,6
LF:29
LH:27
BRDA:7,0,0,19
BRDA:7,0,1,10
BRDA:11,1,0,3
BRDA:11,1,1,1
BRDA:11,1,2,2
BRDA:11,1,3,1
BRDA:11,1,4,1
BRDA:11,1,5,2
BRDA:11,1,6,0
BRDA:49,2,0,0
BRDA:49,2,1,6
BRF:11
BRH:9
end_of_record
